2024-02-12 13:42:07.372 [info] Started local extension host with pid 2722.
2024-02-12 13:42:07.975 [warning] [mainThreadStorage] large extension state detected (extensionId: docsmsft.docs-markdown, global: true): 2178.59375kb. Consider to use 'storageUri' or 'globalStorageUri' to store this data on disk instead.
2024-02-12 13:42:08.522 [error] [Extension Host] GlassIt error: Error: Command failed: swaymsg opacity 0.59
/bin/sh: line 1: swaymsg: command not found

2024-02-12 13:42:09.374 [error] [Extension Host] (node:2722) [DEP0005] DeprecationWarning: Buffer() is deprecated due to security and usability issues. Please use the Buffer.alloc(), Buffer.allocUnsafe(), or Buffer.from() methods instead.
(Use `exe --trace-deprecation ...` to show where the warning was created)
2024-02-12 13:42:10.255 [info] [perf] Render performance baseline is 42ms
2024-02-12 14:44:53.924 [error] Analysis failed for file: Error: Analysis failed for file
	at handleResponse (/home/ashisthapa/.vscode/extensions/dart-code.dart-code-3.82.0/out/dist/extension.js:30653:48)
	at handleMessage (/home/ashisthapa/.vscode/extensions/dart-code.dart-code-3.82.0/out/dist/extension.js:30433:13)
	at processMessageQueue (/home/ashisthapa/.vscode/extensions/dart-code.dart-code-3.82.0/out/dist/extension.js:30450:17)
	at Immediate.<anonymous> (/home/ashisthapa/.vscode/extensions/dart-code.dart-code-3.82.0/out/dist/extension.js:30422:13)
	at process.processImmediate (node:internal/timers:476:21)
2024-02-12 14:50:30.464 [error] Invalid debug adapter: Error: Invalid debug adapter
    at l.o (vscode-file://vscode-app/opt/visual-studio-code/resources/app/out/vs/workbench/workbench.desktop.main.js:1905:95)
    at l.$acceptDAError (vscode-file://vscode-app/opt/visual-studio-code/resources/app/out/vs/workbench/workbench.desktop.main.js:1904:14822)
    at m.S (vscode-file://vscode-app/opt/visual-studio-code/resources/app/out/vs/workbench/workbench.desktop.main.js:1590:13967)
    at m.Q (vscode-file://vscode-app/opt/visual-studio-code/resources/app/out/vs/workbench/workbench.desktop.main.js:1590:13733)
    at m.M (vscode-file://vscode-app/opt/visual-studio-code/resources/app/out/vs/workbench/workbench.desktop.main.js:1590:12826)
    at m.L (vscode-file://vscode-app/opt/visual-studio-code/resources/app/out/vs/workbench/workbench.desktop.main.js:1590:11905)
    at a.value (vscode-file://vscode-app/opt/visual-studio-code/resources/app/out/vs/workbench/workbench.desktop.main.js:1590:10692)
    at o.y (vscode-file://vscode-app/opt/visual-studio-code/resources/app/out/vs/workbench/workbench.desktop.main.js:87:1902)
    at o.fire (vscode-file://vscode-app/opt/visual-studio-code/resources/app/out/vs/workbench/workbench.desktop.main.js:87:2119)
    at s.fire (vscode-file://vscode-app/opt/visual-studio-code/resources/app/out/vs/workbench/workbench.desktop.main.js:628:14470)
    at x.onmessage (vscode-file://vscode-app/opt/visual-studio-code/resources/app/out/vs/workbench/workbench.desktop.main.js:1662:7751)
2024-02-12 14:50:30.465 [error] Invalid debug adapter: Error: Invalid debug adapter
    at l.o (vscode-file://vscode-app/opt/visual-studio-code/resources/app/out/vs/workbench/workbench.desktop.main.js:1905:95)
    at l.$acceptDAExit (vscode-file://vscode-app/opt/visual-studio-code/resources/app/out/vs/workbench/workbench.desktop.main.js:1905:35)
    at m.S (vscode-file://vscode-app/opt/visual-studio-code/resources/app/out/vs/workbench/workbench.desktop.main.js:1590:13967)
    at m.Q (vscode-file://vscode-app/opt/visual-studio-code/resources/app/out/vs/workbench/workbench.desktop.main.js:1590:13733)
    at m.M (vscode-file://vscode-app/opt/visual-studio-code/resources/app/out/vs/workbench/workbench.desktop.main.js:1590:12826)
    at m.L (vscode-file://vscode-app/opt/visual-studio-code/resources/app/out/vs/workbench/workbench.desktop.main.js:1590:12044)
    at a.value (vscode-file://vscode-app/opt/visual-studio-code/resources/app/out/vs/workbench/workbench.desktop.main.js:1590:10692)
    at o.y (vscode-file://vscode-app/opt/visual-studio-code/resources/app/out/vs/workbench/workbench.desktop.main.js:87:1902)
    at o.fire (vscode-file://vscode-app/opt/visual-studio-code/resources/app/out/vs/workbench/workbench.desktop.main.js:87:2119)
    at s.fire (vscode-file://vscode-app/opt/visual-studio-code/resources/app/out/vs/workbench/workbench.desktop.main.js:628:14470)
    at x.onmessage (vscode-file://vscode-app/opt/visual-studio-code/resources/app/out/vs/workbench/workbench.desktop.main.js:1662:7751)
