2024-02-12 13:42:07.250 [info] Added views:workbench.panel.markers.view in workbench.panel.markers
2024-02-12 13:42:07.250 [info] Added views:workbench.panel.output in workbench.panel.output
2024-02-12 13:42:07.250 [info] Added views:terminal in terminal
2024-02-12 13:42:07.250 [info] Added views:outline in workbench.view.explorer
2024-02-12 13:42:07.250 [info] Added views:workbench.scm in workbench.view.scm
2024-02-12 13:42:07.250 [info] Added views:workbench.view.search in workbench.view.search
2024-02-12 13:42:07.250 [info] Added views:timeline in workbench.view.explorer
2024-02-12 13:42:07.250 [info] Added views:workbench.explorer.fileView in workbench.view.explorer
2024-02-12 13:42:07.526 [info] Added views:effectiveMetadata in workbench.view.explorer
2024-02-12 13:42:07.526 [info] Added views:remoteTargets in workbench.view.remote
2024-02-12 13:42:07.527 [info] Added views:liveshare.session in workbench.view.extension.liveshare
2024-02-12 13:42:07.530 [info] Added views:snippetsView in workbench.view.explorer
2024-02-12 13:42:07.624 [info] Added views:workbench.debug.variablesView,workbench.debug.watchExpressionsView,workbench.debug.callStackView,workbench.debug.breakPointsView in workbench.view.debug
2024-02-12 13:42:07.794 [info] Added views:workbench.panel.testResults.view in workbench.panel.testResults
2024-02-12 13:42:07.936 [info] Added views:workbench.panel.repl.view in workbench.panel.repl
2024-02-12 13:42:07.943 [info] Removed views:workbench.debug.breakPointsView,workbench.debug.callStackView,workbench.debug.watchExpressionsView,workbench.debug.variablesView from workbench.view.debug
2024-02-12 13:42:07.944 [info] Added views:workbench.debug.welcome in workbench.view.debug
2024-02-12 13:42:08.874 [info] Added views:workbench.view.testing in workbench.view.extension.test
2024-02-12 13:42:08.899 [info] Added views:dartDependencyTree in workbench.view.explorer
2024-02-12 13:42:08.903 [info] Added views:dartFlutterSidebar,dartFlutterOutline in workbench.view.extension.flutter
2024-02-12 13:42:09.186 [info] Added views:~remote.forwardedPorts in ~remote.forwardedPortsContainer
2024-02-12 14:48:59.720 [info] Added views:workbench.debug.breakPointsView in workbench.view.debug
2024-02-12 14:49:00.171 [info] Removed views:workbench.debug.welcome from workbench.view.debug
2024-02-12 14:49:00.193 [info] Added views:workbench.debug.variablesView,workbench.debug.watchExpressionsView,workbench.debug.callStackView in workbench.view.debug
2024-02-12 14:50:30.209 [info] Removed views:workbench.debug.callStackView,workbench.debug.watchExpressionsView,workbench.debug.variablesView from workbench.view.debug
2024-02-12 14:50:30.240 [info] Added views:workbench.debug.welcome in workbench.view.debug
2024-02-12 14:52:38.023 [info] Removed views:workbench.view.testing from workbench.view.extension.test
