2024-02-11 16:39:11.298 [info] Added views:workbench.panel.markers.view in workbench.panel.markers
2024-02-11 16:39:11.298 [info] Added views:workbench.panel.output in workbench.panel.output
2024-02-11 16:39:11.298 [info] Added views:terminal in terminal
2024-02-11 16:39:11.298 [info] Added views:outline in workbench.view.explorer
2024-02-11 16:39:11.298 [info] Added views:workbench.scm in workbench.view.scm
2024-02-11 16:39:11.298 [info] Added views:workbench.view.search in workbench.view.search
2024-02-11 16:39:11.298 [info] Added views:timeline in workbench.view.explorer
2024-02-11 16:39:11.298 [info] Added views:workbench.explorer.fileView in workbench.view.explorer
2024-02-11 16:39:11.677 [info] Added views:effectiveMetadata in workbench.view.explorer
2024-02-11 16:39:11.677 [info] Added views:remoteTargets in workbench.view.remote
2024-02-11 16:39:11.678 [info] Added views:liveshare.session in workbench.view.extension.liveshare
2024-02-11 16:39:11.682 [info] Added views:snippetsView in workbench.view.explorer
2024-02-11 16:39:11.753 [info] Added views:workbench.debug.variablesView,workbench.debug.watchExpressionsView,workbench.debug.callStackView,workbench.debug.breakPointsView in workbench.view.debug
2024-02-11 16:39:11.993 [info] Added views:workbench.panel.repl.view in workbench.panel.repl
2024-02-11 16:39:11.995 [info] Removed views:workbench.debug.breakPointsView,workbench.debug.callStackView,workbench.debug.watchExpressionsView,workbench.debug.variablesView from workbench.view.debug
2024-02-11 16:39:11.996 [info] Added views:workbench.debug.welcome in workbench.view.debug
2024-02-11 16:39:12.289 [info] Added views:workbench.view.testing in workbench.view.extension.test
2024-02-11 16:39:12.335 [info] Added views:dartDependencyTree in workbench.view.explorer
2024-02-11 16:39:12.339 [info] Added views:dartFlutterSidebar,dartFlutterOutline in workbench.view.extension.flutter
2024-02-11 16:39:13.068 [info] Added views:~remote.forwardedPorts in ~remote.forwardedPortsContainer
2024-02-11 16:40:33.907 [info] Added views:workbench.debug.breakPointsView in workbench.view.debug
2024-02-11 16:40:35.048 [info] Removed views:workbench.debug.welcome from workbench.view.debug
2024-02-11 16:40:35.129 [info] Added views:workbench.debug.variablesView,workbench.debug.watchExpressionsView,workbench.debug.callStackView in workbench.view.debug
2024-02-11 16:41:08.142 [info] Removed views:workbench.debug.callStackView,workbench.debug.watchExpressionsView,workbench.debug.variablesView from workbench.view.debug
2024-02-11 16:41:08.294 [info] Added views:workbench.debug.welcome in workbench.view.debug
2024-02-11 16:41:08.341 [info] Removed views:workbench.debug.welcome from workbench.view.debug
2024-02-11 16:41:08.484 [info] Added views:workbench.debug.variablesView,workbench.debug.watchExpressionsView,workbench.debug.callStackView in workbench.view.debug
2024-02-11 16:41:28.060 [info] Removed views:workbench.debug.callStackView,workbench.debug.watchExpressionsView,workbench.debug.variablesView from workbench.view.debug
2024-02-11 16:41:28.348 [info] Added views:workbench.debug.welcome in workbench.view.debug
2024-02-11 16:41:28.412 [info] Removed views:workbench.debug.welcome from workbench.view.debug
2024-02-11 16:41:28.533 [info] Added views:workbench.debug.variablesView,workbench.debug.watchExpressionsView,workbench.debug.callStackView in workbench.view.debug
2024-02-11 17:01:34.408 [info] Removed views:workbench.view.testing from workbench.view.extension.test
