2024-02-11 16:30:15.538 [info] Added views:workbench.panel.markers.view in workbench.panel.markers
2024-02-11 16:30:15.538 [info] Added views:workbench.panel.output in workbench.panel.output
2024-02-11 16:30:15.538 [info] Added views:terminal in terminal
2024-02-11 16:30:15.538 [info] Added views:outline in workbench.view.explorer
2024-02-11 16:30:15.538 [info] Added views:workbench.scm in workbench.view.scm
2024-02-11 16:30:15.538 [info] Added views:workbench.view.search in workbench.view.search
2024-02-11 16:30:15.538 [info] Added views:timeline in workbench.view.explorer
2024-02-11 16:30:15.538 [info] Added views:workbench.explorer.fileView in workbench.view.explorer
2024-02-11 16:30:15.777 [info] Added views:workbench.debug.welcome in workbench.view.debug
2024-02-11 16:30:16.260 [info] Added views:effectiveMetadata in workbench.view.explorer
2024-02-11 16:30:16.260 [info] Added views:remoteTargets in workbench.view.remote
2024-02-11 16:30:16.260 [info] Added views:liveshare.session in workbench.view.extension.liveshare
2024-02-11 16:30:16.264 [info] Added views:snippetsView in workbench.view.explorer
2024-02-11 16:30:16.441 [info] Added views:workbench.panel.repl.view in workbench.panel.repl
2024-02-11 16:30:16.731 [info] Added views:workbench.view.testing in workbench.view.extension.test
2024-02-11 16:30:16.802 [info] Added views:dartDependencyTree in workbench.view.explorer
2024-02-11 16:30:16.809 [info] Added views:dartFlutterSidebar,dartFlutterOutline in workbench.view.extension.flutter
2024-02-11 16:30:17.716 [info] Added views:~remote.forwardedPorts in ~remote.forwardedPortsContainer
2024-02-11 16:30:32.565 [info] Added views:workbench.views.extensions.installed,workbench.views.extensions.popular,extensions.recommendedList in workbench.view.extensions
2024-02-11 16:30:32.569 [info] Removed views:workbench.views.extensions.popular from workbench.view.extensions
2024-02-11 16:30:42.364 [info] Removed views:extensions.recommendedList,workbench.views.extensions.installed from workbench.view.extensions
2024-02-11 16:30:42.376 [info] Added views:workbench.views.extensions.marketplace in workbench.view.extensions
2024-02-11 16:30:45.367 [info] Removed views:workbench.views.extensions.marketplace from workbench.view.extensions
2024-02-11 16:30:45.380 [info] Added views:workbench.views.extensions.installed,extensions.recommendedList in workbench.view.extensions
2024-02-11 16:30:54.142 [info] Added views:workbench.debug.breakPointsView in workbench.view.debug
2024-02-11 16:30:54.917 [info] Removed views:workbench.debug.welcome from workbench.view.debug
2024-02-11 16:30:55.017 [info] Added views:workbench.debug.variablesView,workbench.debug.watchExpressionsView,workbench.debug.callStackView in workbench.view.debug
