2024-02-14 02:25:31.411 [info] Added views:workbench.panel.markers.view in workbench.panel.markers
2024-02-14 02:25:31.411 [info] Added views:workbench.panel.output in workbench.panel.output
2024-02-14 02:25:31.411 [info] Added views:terminal in terminal
2024-02-14 02:25:31.411 [info] Added views:outline in workbench.view.explorer
2024-02-14 02:25:31.411 [info] Added views:workbench.scm in workbench.view.scm
2024-02-14 02:25:31.411 [info] Added views:workbench.view.search in workbench.view.search
2024-02-14 02:25:31.411 [info] Added views:timeline in workbench.view.explorer
2024-02-14 02:25:31.411 [info] Added views:workbench.explorer.fileView in workbench.view.explorer
2024-02-14 02:25:31.619 [info] Added views:effectiveMetadata in workbench.view.explorer
2024-02-14 02:25:31.619 [info] Added views:remoteTargets in workbench.view.remote
2024-02-14 02:25:31.619 [info] Added views:liveshare.session in workbench.view.extension.liveshare
2024-02-14 02:25:31.622 [info] Added views:snippetsView in workbench.view.explorer
2024-02-14 02:25:31.858 [info] Added views:workbench.debug.welcome in workbench.view.debug
2024-02-14 02:25:31.971 [info] Added views:workbench.panel.testResults.view in workbench.panel.testResults
2024-02-14 02:25:32.133 [info] Added views:workbench.panel.repl.view in workbench.panel.repl
2024-02-14 02:25:32.488 [info] Added views:workbench.view.testing in workbench.view.extension.test
2024-02-14 02:25:32.692 [info] Added views:dartDependencyTree in workbench.view.explorer
2024-02-14 02:25:32.702 [info] Added views:dartFlutterSidebar,dartFlutterOutline in workbench.view.extension.flutter
2024-02-14 02:25:34.446 [info] Added views:~remote.forwardedPorts in ~remote.forwardedPortsContainer
2024-02-14 02:33:30.999 [info] Added views:workbench.debug.breakPointsView in workbench.view.debug
2024-02-14 02:33:31.432 [info] Removed views:workbench.debug.welcome from workbench.view.debug
2024-02-14 02:33:31.458 [info] Added views:workbench.debug.variablesView,workbench.debug.watchExpressionsView,workbench.debug.callStackView in workbench.view.debug
