2024-02-12 12:47:19.974 [info] Added views:workbench.panel.markers.view in workbench.panel.markers
2024-02-12 12:47:19.974 [info] Added views:workbench.panel.output in workbench.panel.output
2024-02-12 12:47:19.974 [info] Added views:terminal in terminal
2024-02-12 12:47:19.974 [info] Added views:outline in workbench.view.explorer
2024-02-12 12:47:19.974 [info] Added views:workbench.scm in workbench.view.scm
2024-02-12 12:47:19.974 [info] Added views:workbench.view.search in workbench.view.search
2024-02-12 12:47:19.974 [info] Added views:timeline in workbench.view.explorer
2024-02-12 12:47:19.974 [info] Added views:workbench.explorer.fileView in workbench.view.explorer
2024-02-12 12:47:20.197 [info] Added views:effectiveMetadata in workbench.view.explorer
2024-02-12 12:47:20.197 [info] Added views:remoteTargets in workbench.view.remote
2024-02-12 12:47:20.198 [info] Added views:liveshare.session in workbench.view.extension.liveshare
2024-02-12 12:47:20.202 [info] Added views:snippetsView in workbench.view.explorer
2024-02-12 12:47:20.405 [info] Added views:workbench.debug.welcome in workbench.view.debug
2024-02-12 12:47:20.737 [info] Added views:workbench.panel.testResults.view in workbench.panel.testResults
2024-02-12 12:47:20.913 [info] Added views:workbench.panel.repl.view in workbench.panel.repl
2024-02-12 12:47:21.179 [info] Added views:workbench.view.testing in workbench.view.extension.test
2024-02-12 12:47:21.210 [info] Added views:dartDependencyTree in workbench.view.explorer
2024-02-12 12:47:21.216 [info] Added views:dartFlutterSidebar,dartFlutterOutline in workbench.view.extension.flutter
2024-02-12 12:47:23.118 [info] Added views:~remote.forwardedPorts in ~remote.forwardedPortsContainer
2024-02-12 12:59:41.439 [info] Added views:workbench.debug.breakPointsView in workbench.view.debug
2024-02-12 12:59:41.982 [info] Removed views:workbench.debug.welcome from workbench.view.debug
2024-02-12 12:59:42.006 [info] Added views:workbench.debug.variablesView,workbench.debug.watchExpressionsView,workbench.debug.callStackView in workbench.view.debug
