2024-02-11 14:37:42.185 [info] Started local extension host with pid 79763.
2024-02-11 14:37:42.898 [error] [Extension Host] GlassIt error: Error: Command failed: swaymsg opacity 0.59
/bin/sh: line 1: swaymsg: command not found

2024-02-11 14:37:43.214 [error] [Extension Host] (node:79763) [DEP0005] DeprecationWarning: Buffer() is deprecated due to security and usability issues. Please use the Buffer.alloc(), Buffer.allocUnsafe(), or Buffer.from() methods instead.
(Use `exe --trace-deprecation ...` to show where the warning was created)
2024-02-11 14:37:44.818 [info] [perf] Render performance baseline is 34ms
2024-02-11 14:42:39.748 [error] Cancelled: Canceled
    at re.B (vscode-file://vscode-app/opt/visual-studio-code/resources/app/out/vs/workbench/workbench.desktop.main.js:782:32466)
    at async re.z (vscode-file://vscode-app/opt/visual-studio-code/resources/app/out/vs/workbench/workbench.desktop.main.js:782:29361)
    at async re.z (vscode-file://vscode-app/opt/visual-studio-code/resources/app/out/vs/workbench/workbench.desktop.main.js:782:30301)
    at async re.getExtensions (vscode-file://vscode-app/opt/visual-studio-code/resources/app/out/vs/workbench/workbench.desktop.main.js:782:26345)
    at async oe.getExtensions (vscode-file://vscode-app/opt/visual-studio-code/resources/app/out/vs/workbench/workbench.desktop.main.js:2741:12374)
    at async ge.Ec (vscode-file://vscode-app/opt/visual-studio-code/resources/app/out/vs/workbench/workbench.desktop.main.js:2677:24452)
    at async ge.Nc (vscode-file://vscode-app/opt/visual-studio-code/resources/app/out/vs/workbench/workbench.desktop.main.js:2677:27116)
    at async ge.lc (vscode-file://vscode-app/opt/visual-studio-code/resources/app/out/vs/workbench/workbench.desktop.main.js:2677:14478)
    at async vscode-file://vscode-app/opt/visual-studio-code/resources/app/out/vs/workbench/workbench.desktop.main.js:2677:12777
2024-02-11 14:42:42.355 [error] Cancelled: Canceled
    at re.B (vscode-file://vscode-app/opt/visual-studio-code/resources/app/out/vs/workbench/workbench.desktop.main.js:782:32466)
    at async re.z (vscode-file://vscode-app/opt/visual-studio-code/resources/app/out/vs/workbench/workbench.desktop.main.js:782:29361)
    at async ne (vscode-file://vscode-app/opt/visual-studio-code/resources/app/out/vs/workbench/workbench.desktop.main.js:782:28369)
    at async re.query (vscode-file://vscode-app/opt/visual-studio-code/resources/app/out/vs/workbench/workbench.desktop.main.js:782:28590)
    at async oe.queryGallery (vscode-file://vscode-app/opt/visual-studio-code/resources/app/out/vs/workbench/workbench.desktop.main.js:2741:11958)
    at async de.Ac (vscode-file://vscode-app/opt/visual-studio-code/resources/app/out/vs/workbench/workbench.desktop.main.js:2677:22427)
    at async de.lc (vscode-file://vscode-app/opt/visual-studio-code/resources/app/out/vs/workbench/workbench.desktop.main.js:2677:14478)
    at async vscode-file://vscode-app/opt/visual-studio-code/resources/app/out/vs/workbench/workbench.desktop.main.js:2677:12777
2024-02-11 14:42:45.273 [error] Cancelled: Canceled
    at re.B (vscode-file://vscode-app/opt/visual-studio-code/resources/app/out/vs/workbench/workbench.desktop.main.js:782:32466)
    at async re.z (vscode-file://vscode-app/opt/visual-studio-code/resources/app/out/vs/workbench/workbench.desktop.main.js:782:29361)
    at async re.z (vscode-file://vscode-app/opt/visual-studio-code/resources/app/out/vs/workbench/workbench.desktop.main.js:782:30301)
    at async re.getExtensions (vscode-file://vscode-app/opt/visual-studio-code/resources/app/out/vs/workbench/workbench.desktop.main.js:782:26345)
    at async oe.getExtensions (vscode-file://vscode-app/opt/visual-studio-code/resources/app/out/vs/workbench/workbench.desktop.main.js:2741:12374)
    at async ge.Ec (vscode-file://vscode-app/opt/visual-studio-code/resources/app/out/vs/workbench/workbench.desktop.main.js:2677:24452)
    at async ge.Nc (vscode-file://vscode-app/opt/visual-studio-code/resources/app/out/vs/workbench/workbench.desktop.main.js:2677:27116)
    at async ge.lc (vscode-file://vscode-app/opt/visual-studio-code/resources/app/out/vs/workbench/workbench.desktop.main.js:2677:14478)
    at async vscode-file://vscode-app/opt/visual-studio-code/resources/app/out/vs/workbench/workbench.desktop.main.js:2677:12777
2024-02-11 16:00:39.918 [warning] [mainThreadStorage] large extension state detected (extensionId: docsmsft.docs-markdown, global: true): 2178.59375kb. Consider to use 'storageUri' or 'globalStorageUri' to store this data on disk instead.
2024-02-11 16:26:40.048 [error] Cancelled: Canceled
    at re.B (vscode-file://vscode-app/opt/visual-studio-code/resources/app/out/vs/workbench/workbench.desktop.main.js:782:32466)
    at async re.z (vscode-file://vscode-app/opt/visual-studio-code/resources/app/out/vs/workbench/workbench.desktop.main.js:782:29361)
    at async re.getExtensions (vscode-file://vscode-app/opt/visual-studio-code/resources/app/out/vs/workbench/workbench.desktop.main.js:782:26345)
    at async oe.getExtensions (vscode-file://vscode-app/opt/visual-studio-code/resources/app/out/vs/workbench/workbench.desktop.main.js:2741:12374)
    at async ge.Ec (vscode-file://vscode-app/opt/visual-studio-code/resources/app/out/vs/workbench/workbench.desktop.main.js:2677:24452)
    at async ge.Nc (vscode-file://vscode-app/opt/visual-studio-code/resources/app/out/vs/workbench/workbench.desktop.main.js:2677:27116)
    at async ge.lc (vscode-file://vscode-app/opt/visual-studio-code/resources/app/out/vs/workbench/workbench.desktop.main.js:2677:14478)
    at async vscode-file://vscode-app/opt/visual-studio-code/resources/app/out/vs/workbench/workbench.desktop.main.js:2677:12777
