2024-02-11 14:37:42.015 [info] Added views:workbench.panel.markers.view in workbench.panel.markers
2024-02-11 14:37:42.015 [info] Added views:workbench.panel.output in workbench.panel.output
2024-02-11 14:37:42.015 [info] Added views:terminal in terminal
2024-02-11 14:37:42.015 [info] Added views:outline in workbench.view.explorer
2024-02-11 14:37:42.015 [info] Added views:workbench.scm in workbench.view.scm
2024-02-11 14:37:42.015 [info] Added views:workbench.view.search in workbench.view.search
2024-02-11 14:37:42.015 [info] Added views:timeline in workbench.view.explorer
2024-02-11 14:37:42.015 [info] Added views:workbench.explorer.fileView in workbench.view.explorer
2024-02-11 14:37:42.354 [info] Added views:effectiveMetadata in workbench.view.explorer
2024-02-11 14:37:42.355 [info] Added views:remoteTargets in workbench.view.remote
2024-02-11 14:37:42.355 [info] Added views:liveshare.session in workbench.view.extension.liveshare
2024-02-11 14:37:42.361 [info] Added views:snippetsView in workbench.view.explorer
2024-02-11 14:37:42.568 [info] Added views:workbench.debug.variablesView,workbench.debug.watchExpressionsView,workbench.debug.callStackView,workbench.debug.breakPointsView in workbench.view.debug
2024-02-11 14:37:42.606 [info] Added views:workbench.panel.repl.view in workbench.panel.repl
2024-02-11 14:37:42.607 [info] Removed views:workbench.debug.breakPointsView,workbench.debug.callStackView,workbench.debug.watchExpressionsView,workbench.debug.variablesView from workbench.view.debug
2024-02-11 14:37:42.608 [info] Added views:workbench.debug.welcome in workbench.view.debug
2024-02-11 14:37:42.806 [info] Added views:~remote.forwardedPorts in ~remote.forwardedPortsContainer
2024-02-11 14:42:35.907 [info] Added views:workbench.views.extensions.installed,workbench.views.extensions.popular,extensions.recommendedList in workbench.view.extensions
2024-02-11 14:42:35.909 [info] Removed views:workbench.views.extensions.popular from workbench.view.extensions
2024-02-11 14:42:39.736 [info] Removed views:extensions.recommendedList,workbench.views.extensions.installed from workbench.view.extensions
2024-02-11 14:42:39.744 [info] Added views:workbench.views.extensions.marketplace in workbench.view.extensions
2024-02-11 14:42:42.341 [info] Removed views:workbench.views.extensions.marketplace from workbench.view.extensions
2024-02-11 14:42:42.353 [info] Added views:workbench.views.extensions.installed,extensions.recommendedList in workbench.view.extensions
2024-02-11 14:42:45.256 [info] Removed views:extensions.recommendedList,workbench.views.extensions.installed from workbench.view.extensions
2024-02-11 14:42:45.270 [info] Added views:workbench.views.extensions.marketplace in workbench.view.extensions
2024-02-11 16:26:37.094 [info] Removed views:workbench.views.extensions.marketplace from workbench.view.extensions
2024-02-11 16:26:37.106 [info] Added views:workbench.views.extensions.installed,extensions.recommendedList in workbench.view.extensions
2024-02-11 16:26:40.026 [info] Removed views:extensions.recommendedList,workbench.views.extensions.installed from workbench.view.extensions
2024-02-11 16:26:40.038 [info] Added views:workbench.views.extensions.marketplace in workbench.view.extensions
2024-02-11 16:27:08.348 [info] Added views:workbench.view.testing in workbench.view.extension.test
2024-02-11 16:27:08.386 [info] Added views:dartDependencyTree in workbench.view.explorer
2024-02-11 16:27:08.396 [info] Added views:dartFlutterSidebar,dartFlutterOutline in workbench.view.extension.flutter
2024-02-11 16:29:43.320 [info] Removed views:workbench.views.extensions.marketplace from workbench.view.extensions
2024-02-11 16:29:43.335 [info] Added views:workbench.views.extensions.installed,extensions.recommendedList in workbench.view.extensions
2024-02-11 16:30:05.799 [info] Removed views:workbench.view.testing from workbench.view.extension.test
