2024-02-17 20:32:15.112 [info] Extension host with pid 21430 started
2024-02-17 20:32:15.112 [info] Skipping acquiring lock for /home/ashisthapa/.config/Code/User/workspaceStorage/0113b8240424dcfcf10b573984053d61.
2024-02-17 20:32:15.250 [info] ExtensionService#_doActivateExtension vscode.emmet, startup: false, activationEvent: 'onLanguage'
2024-02-17 20:32:15.379 [info] ExtensionService#_doActivateExtension vscode.git-base, startup: true, activationEvent: '*', root cause: vscode.git
2024-02-17 20:32:15.381 [info] ExtensionService#_doActivateExtension kisstkondoros.vscode-gutter-preview, startup: true, activationEvent: '*'
2024-02-17 20:32:15.397 [info] ExtensionService#_doActivateExtension oderwat.indent-rainbow, startup: true, activationEvent: '*'
2024-02-17 20:32:15.400 [info] ExtensionService#_doActivateExtension s-nlf-fh.glassit, startup: true, activationEvent: '*'
2024-02-17 20:32:15.421 [info] ExtensionService#_doActivateExtension WallabyJs.wallaby-vscode, startup: true, activationEvent: '*'
2024-02-17 20:32:15.587 [info] ExtensionService#_doActivateExtension vscode.git, startup: true, activationEvent: '*'
2024-02-17 20:32:15.618 [info] ExtensionService#_doActivateExtension vscode.github, startup: true, activationEvent: '*'
2024-02-17 20:32:15.683 [info] Eager extensions activated
2024-02-17 20:32:15.731 [info] ExtensionService#_doActivateExtension vscode.debug-auto-launch, startup: false, activationEvent: 'onStartupFinished'
2024-02-17 20:32:15.734 [info] ExtensionService#_doActivateExtension vscode.merge-conflict, startup: false, activationEvent: 'onStartupFinished'
2024-02-17 20:32:15.741 [info] ExtensionService#_doActivateExtension bradlc.vscode-tailwindcss, startup: false, activationEvent: 'onStartupFinished'
2024-02-17 20:32:15.757 [info] ExtensionService#_doActivateExtension monokai.theme-monokai-pro-vscode, startup: false, activationEvent: 'onStartupFinished'
2024-02-17 20:32:15.761 [info] ExtensionService#_doActivateExtension PKief.material-icon-theme, startup: false, activationEvent: 'onStartupFinished'
2024-02-17 20:32:15.768 [info] ExtensionService#_doActivateExtension ReacTreeDev.reactree, startup: false, activationEvent: 'onStartupFinished'
2024-02-17 20:32:15.778 [info] ExtensionService#_doActivateExtension ritwickdey.LiveServer, startup: false, activationEvent: 'onStartupFinished'
2024-02-17 20:32:15.851 [info] ExtensionService#_doActivateExtension ms-vsliveshare.vsliveshare, startup: false, activationEvent: 'api', root cause: ritwickdey.LiveServer
2024-02-17 20:32:15.945 [info] ExtensionService#_doActivateExtension vscode.github-authentication, startup: false, activationEvent: 'onAuthenticationRequest:github'
2024-02-17 20:32:16.058 [info] ExtensionService#_doActivateExtension vscode.microsoft-authentication, startup: false, activationEvent: 'onAuthenticationRequest:microsoft'
2024-02-17 20:32:34.771 [info] ExtensionService#_doActivateExtension BalduinLandolt.surround-with-tag, startup: false, activationEvent: 'onLanguage:xml'
2024-02-17 20:35:52.105 [info] ExtensionService#_doActivateExtension vscode.extension-editing, startup: false, activationEvent: 'onLanguage:json'
2024-02-17 20:35:52.121 [info] ExtensionService#_doActivateExtension vscode.json-language-features, startup: false, activationEvent: 'onLanguage:json'
2024-02-17 20:35:52.138 [info] ExtensionService#_doActivateExtension vscode.npm, startup: false, activationEvent: 'onLanguage:json'
2024-02-17 20:35:52.151 [info] ExtensionService#_doActivateExtension docsmsft.docs-markdown, startup: false, activationEvent: 'onLanguage:json'
2024-02-17 20:38:32.839 [warning] vscode.json-language-features - Code actions of kind 'quickfix 'requested but returned code action is of kind 'source.sort.json'. Code action will be dropped. Please check 'CodeActionContext.only' to only return requested code actions.
2024-02-17 20:38:39.658 [warning] vscode.json-language-features - Code actions of kind 'quickfix 'requested but returned code action is of kind 'source.sort.json'. Code action will be dropped. Please check 'CodeActionContext.only' to only return requested code actions.
2024-02-17 20:51:35.220 [info] Extension host terminating: renderer closed the MessagePort
2024-02-17 20:51:35.262 [error] Canceled: Canceled
	at new f (/opt/visual-studio-code/resources/app/out/vs/workbench/api/node/extensionHostProcess.js:140:45069)
	at d.U (/opt/visual-studio-code/resources/app/out/vs/workbench/api/node/extensionHostProcess.js:147:5557)
	at T.<computed>.O.charCodeAt.T.<computed> (/opt/visual-studio-code/resources/app/out/vs/workbench/api/node/extensionHostProcess.js:147:3008)
	at s.g (/opt/visual-studio-code/resources/app/out/vs/workbench/api/node/extensionHostProcess.js:150:174704)
	at s.executeCommand (/opt/visual-studio-code/resources/app/out/vs/workbench/api/node/extensionHostProcess.js:150:174142)
	at m.registerCommand.description (/opt/visual-studio-code/resources/app/out/vs/workbench/api/node/extensionHostProcess.js:150:173466)
	at s.h (/opt/visual-studio-code/resources/app/out/vs/workbench/api/node/extensionHostProcess.js:150:175243)
	at s.g (/opt/visual-studio-code/resources/app/out/vs/workbench/api/node/extensionHostProcess.js:150:174235)
	at s.executeCommand (/opt/visual-studio-code/resources/app/out/vs/workbench/api/node/extensionHostProcess.js:150:174142)
	at Object.executeCommand (/opt/visual-studio-code/resources/app/out/vs/workbench/api/node/extensionHostProcess.js:160:21634)
	at N._setContext (/home/ashisthapa/.vscode/extensions/wallabyjs.wallaby-vscode-1.0.371/dist/index.js:15:122853)
	at N.<anonymous> (/home/ashisthapa/.vscode/extensions/wallabyjs.wallaby-vscode-1.0.371/dist/index.js:15:95360)
	at Generator.next (<anonymous>)
	at /home/ashisthapa/.vscode/extensions/wallabyjs.wallaby-vscode-1.0.371/dist/index.js:15:20643
	at new Promise (<anonymous>)
	at i (/home/ashisthapa/.vscode/extensions/wallabyjs.wallaby-vscode-1.0.371/dist/index.js:15:20391)
	at N.stop (/home/ashisthapa/.vscode/extensions/wallabyjs.wallaby-vscode-1.0.371/dist/index.js:15:95306)
	at Object.dispose (/home/ashisthapa/.vscode/extensions/wallabyjs.wallaby-vscode-1.0.371/dist/index.js:15:46364)
	at /home/ashisthapa/.vscode/extensions/wallabyjs.wallaby-vscode-1.0.371/dist/index.js:15:20288
	at Array.forEach (<anonymous>)
	at t.exports.dispose (/home/ashisthapa/.vscode/extensions/wallabyjs.wallaby-vscode-1.0.371/dist/index.js:15:20275)
	at N.deactivate (/home/ashisthapa/.vscode/extensions/wallabyjs.wallaby-vscode-1.0.371/dist/index.js:15:54422)
	at Object.dispose (/home/ashisthapa/.vscode/extensions/wallabyjs.wallaby-vscode-1.0.371/dist/index.js:15:4413)
	at /home/ashisthapa/.vscode/extensions/wallabyjs.wallaby-vscode-1.0.371/dist/index.js:15:20288
	at Array.forEach (<anonymous>)
	at t.exports.dispose (/home/ashisthapa/.vscode/extensions/wallabyjs.wallaby-vscode-1.0.371/dist/index.js:15:20275)
	at m.deactivate (/home/ashisthapa/.vscode/extensions/wallabyjs.wallaby-vscode-1.0.371/dist/index.js:15:19278)
	at Object.dispose (/home/ashisthapa/.vscode/extensions/wallabyjs.wallaby-vscode-1.0.371/dist/index.js:15:1179)
	at o (/opt/visual-studio-code/resources/app/out/vs/workbench/api/node/extensionHostProcess.js:30:754)
	at g.cb (/opt/visual-studio-code/resources/app/out/vs/workbench/api/node/extensionHostProcess.js:156:9874)
	at /opt/visual-studio-code/resources/app/out/vs/workbench/api/node/extensionHostProcess.js:156:7808
	at Array.map (<anonymous>)
	at g.Y (/opt/visual-studio-code/resources/app/out/vs/workbench/api/node/extensionHostProcess.js:156:7795)
	at g.terminate (/opt/visual-studio-code/resources/app/out/vs/workbench/api/node/extensionHostProcess.js:156:8068)
	at o.terminate (/opt/visual-studio-code/resources/app/out/vs/workbench/api/node/extensionHostProcess.js:160:1513)
	at t (/opt/visual-studio-code/resources/app/out/vs/workbench/api/node/extensionHostProcess.js:173:9950)
	at MessagePortMain.<anonymous> (/opt/visual-studio-code/resources/app/out/vs/workbench/api/node/extensionHostProcess.js:173:6375)
	at MessagePortMain.emit (node:events:514:28)
	at Object.emit (node:electron/js2c/utility_init:2:2285) setContext undefined
2024-02-17 20:51:35.281 [info] Extension host with pid 21430 exiting with code 0
