2024-02-17 20:08:15.748 [info] Added views:workbench.panel.markers.view in workbench.panel.markers
2024-02-17 20:08:15.748 [info] Added views:workbench.panel.output in workbench.panel.output
2024-02-17 20:08:15.748 [info] Added views:terminal in terminal
2024-02-17 20:08:15.748 [info] Added views:outline in workbench.view.explorer
2024-02-17 20:08:15.748 [info] Added views:workbench.scm in workbench.view.scm
2024-02-17 20:08:15.748 [info] Added views:workbench.view.search in workbench.view.search
2024-02-17 20:08:15.748 [info] Added views:timeline in workbench.view.explorer
2024-02-17 20:08:15.748 [info] Added views:workbench.explorer.fileView in workbench.view.explorer
2024-02-17 20:08:16.030 [info] Added views:workbench.debug.variablesView,workbench.debug.watchExpressionsView,workbench.debug.callStackView,workbench.debug.breakPointsView in workbench.view.debug
2024-02-17 20:08:16.095 [info] Added views:workbench.panel.testResults.view in workbench.panel.testResults
2024-02-17 20:08:16.824 [info] Added views:effectiveMetadata in workbench.view.explorer
2024-02-17 20:08:16.824 [info] Added views:remoteTargets in workbench.view.remote
2024-02-17 20:08:16.824 [info] Added views:liveshare.session in workbench.view.extension.liveshare
2024-02-17 20:08:16.827 [info] Added views:snippetsView in workbench.view.explorer
2024-02-17 20:08:17.104 [info] Added views:workbench.panel.repl.view in workbench.panel.repl
2024-02-17 20:08:17.114 [info] Removed views:workbench.debug.breakPointsView,workbench.debug.callStackView,workbench.debug.watchExpressionsView,workbench.debug.variablesView from workbench.view.debug
2024-02-17 20:08:17.115 [info] Added views:workbench.debug.welcome in workbench.view.debug
2024-02-17 20:08:18.099 [info] Added views:workbench.view.testing in workbench.view.extension.test
2024-02-17 20:08:18.332 [info] Added views:dartDependencyTree in workbench.view.explorer
2024-02-17 20:08:18.334 [info] Added views:dartFlutterSidebar,dartFlutterOutline in workbench.view.extension.flutter
2024-02-17 20:08:21.786 [info] Added views:~remote.forwardedPorts in ~remote.forwardedPortsContainer
2024-02-17 20:10:34.013 [info] Added views:workbench.debug.breakPointsView in workbench.view.debug
2024-02-17 20:10:37.075 [info] Removed views:workbench.debug.welcome from workbench.view.debug
2024-02-17 20:10:37.217 [info] Added views:workbench.debug.variablesView,workbench.debug.watchExpressionsView,workbench.debug.callStackView in workbench.view.debug
2024-02-17 20:13:19.105 [info] Removed views:workbench.debug.callStackView,workbench.debug.watchExpressionsView,workbench.debug.variablesView from workbench.view.debug
2024-02-17 20:13:19.136 [info] Added views:workbench.debug.welcome in workbench.view.debug
2024-02-17 20:13:19.707 [info] Removed views:workbench.view.testing from workbench.view.extension.test
