2024-02-11 13:48:32.150 [info] Log level: Info
2024-02-11 13:48:32.150 [info] Validating found git in: "git"
2024-02-11 13:48:32.150 [info] Using git "2.42.0" from "git"
2024-02-11 13:48:32.150 [info] > git rev-parse --show-toplevel [7ms]
2024-02-11 13:48:32.150 [info] fatal: not a git repository (or any of the parent directories): .git
2024-02-11 13:48:32.150 [info] > git rev-parse --show-toplevel [111ms]
2024-02-11 13:48:32.150 [info] fatal: not a git repository (or any of the parent directories): .git
2024-02-11 13:48:32.154 [info] > git rev-parse --show-toplevel [12ms]
2024-02-11 13:48:32.154 [info] fatal: not a git repository (or any of the parent directories): .git
2024-02-11 13:48:32.369 [info] > git rev-parse --show-toplevel [196ms]
2024-02-11 13:48:32.369 [info] fatal: not a git repository (or any of the parent directories): .git
2024-02-11 13:48:32.420 [info] > git rev-parse --show-toplevel [5ms]
2024-02-11 13:48:32.420 [info] fatal: not a git repository (or any of the parent directories): .git
2024-02-11 13:48:32.443 [info] > git rev-parse --show-toplevel [4ms]
2024-02-11 13:48:32.443 [info] fatal: not a git repository (or any of the parent directories): .git
2024-02-11 13:48:32.456 [info] > git rev-parse --show-toplevel [1ms]
2024-02-11 13:48:32.456 [info] fatal: not a git repository (or any of the parent directories): .git
2024-02-11 13:48:32.474 [info] > git rev-parse --show-toplevel [2ms]
2024-02-11 13:48:32.474 [info] fatal: not a git repository (or any of the parent directories): .git
2024-02-11 13:48:32.528 [info] > git rev-parse --show-toplevel [42ms]
2024-02-11 13:48:32.528 [info] fatal: not a git repository (or any of the parent directories): .git
2024-02-11 13:48:32.554 [info] > git rev-parse --show-toplevel [9ms]
2024-02-11 13:48:32.554 [info] fatal: not a git repository (or any of the parent directories): .git
2024-02-11 13:48:32.628 [info] > git rev-parse --show-toplevel [13ms]
2024-02-11 13:48:32.628 [info] fatal: not a git repository (or any of the parent directories): .git
2024-02-11 13:48:32.649 [info] > git rev-parse --show-toplevel [4ms]
2024-02-11 13:48:32.649 [info] fatal: not a git repository (or any of the parent directories): .git
2024-02-11 13:48:32.685 [info] > git rev-parse --show-toplevel [29ms]
2024-02-11 13:48:32.685 [info] fatal: not a git repository (or any of the parent directories): .git
2024-02-11 13:48:32.714 [info] > git rev-parse --show-toplevel [12ms]
2024-02-11 13:48:32.714 [info] fatal: not a git repository (or any of the parent directories): .git
2024-02-11 13:48:32.722 [info] > git rev-parse --show-toplevel [2ms]
2024-02-11 13:48:32.722 [info] fatal: not a git repository (or any of the parent directories): .git
2024-02-11 13:48:32.730 [info] > git rev-parse --show-toplevel [1ms]
2024-02-11 13:48:32.730 [info] fatal: not a git repository (or any of the parent directories): .git
2024-02-11 13:48:32.739 [info] > git rev-parse --show-toplevel [2ms]
2024-02-11 13:48:32.739 [info] fatal: not a git repository (or any of the parent directories): .git
2024-02-11 13:48:32.764 [info] > git rev-parse --show-toplevel [19ms]
2024-02-11 13:48:32.764 [info] fatal: not a git repository (or any of the parent directories): .git
2024-02-11 13:48:32.811 [info] > git rev-parse --show-toplevel [4ms]
2024-02-11 13:48:32.811 [info] fatal: not a git repository (or any of the parent directories): .git
2024-02-11 13:48:32.843 [info] > git rev-parse --show-toplevel [7ms]
2024-02-11 13:48:32.843 [info] fatal: not a git repository (or any of the parent directories): .git
2024-02-11 13:48:32.853 [info] > git rev-parse --show-toplevel [1ms]
2024-02-11 13:48:32.853 [info] fatal: not a git repository (or any of the parent directories): .git
2024-02-11 13:48:32.864 [info] > git rev-parse --show-toplevel [3ms]
2024-02-11 13:48:32.864 [info] fatal: not a git repository (or any of the parent directories): .git
2024-02-11 13:48:32.882 [info] > git rev-parse --show-toplevel [12ms]
2024-02-11 13:48:32.882 [info] fatal: not a git repository (or any of the parent directories): .git
2024-02-11 13:48:32.889 [info] > git rev-parse --show-toplevel [1ms]
2024-02-11 13:48:32.889 [info] fatal: not a git repository (or any of the parent directories): .git
2024-02-11 13:48:32.898 [info] > git rev-parse --show-toplevel [1ms]
2024-02-11 13:48:32.898 [info] fatal: not a git repository (or any of the parent directories): .git
2024-02-11 13:48:32.907 [info] > git rev-parse --show-toplevel [2ms]
2024-02-11 13:48:32.907 [info] fatal: not a git repository (or any of the parent directories): .git
2024-02-11 13:48:32.915 [info] > git rev-parse --show-toplevel [1ms]
2024-02-11 13:48:32.915 [info] fatal: not a git repository (or any of the parent directories): .git
2024-02-11 13:48:32.923 [info] > git rev-parse --show-toplevel [1ms]
2024-02-11 13:48:32.923 [info] fatal: not a git repository (or any of the parent directories): .git
2024-02-11 13:48:32.933 [info] > git rev-parse --show-toplevel [2ms]
2024-02-11 13:48:32.933 [info] fatal: not a git repository (or any of the parent directories): .git
2024-02-11 13:48:32.941 [info] > git rev-parse --show-toplevel [1ms]
2024-02-11 13:48:32.941 [info] fatal: not a git repository (or any of the parent directories): .git
2024-02-11 13:48:32.950 [info] > git rev-parse --show-toplevel [2ms]
2024-02-11 13:48:32.950 [info] fatal: not a git repository (or any of the parent directories): .git
2024-02-11 13:48:32.969 [info] > git rev-parse --show-toplevel [12ms]
2024-02-11 13:48:32.979 [info] > git rev-parse --git-dir --git-common-dir [1ms]
2024-02-11 13:48:32.985 [info] Open repository: /home/ashisthapa/.config/nvim
2024-02-11 13:48:33.011 [info] > git rev-parse --show-toplevel [6ms]
2024-02-11 13:48:33.011 [info] fatal: not a git repository (or any of the parent directories): .git
2024-02-11 13:48:33.011 [info] > git config --get commit.template [15ms]
2024-02-11 13:48:33.038 [info] > git rev-parse --show-toplevel [14ms]
2024-02-11 13:48:33.038 [info] fatal: not a git repository (or any of the parent directories): .git
2024-02-11 13:48:33.044 [info] > git for-each-ref --format=%(refname)%00%(upstream:short)%00%(objectname)%00%(upstream:track)%00%(upstream:remotename)%00%(upstream:remoteref) refs/heads/main refs/remotes/main [9ms]
2024-02-11 13:48:33.051 [info] > git rev-parse --show-toplevel [7ms]
2024-02-11 13:48:33.051 [info] fatal: not a git repository (or any of the parent directories): .git
2024-02-11 13:48:33.058 [info] > git status -z -uall [7ms]
2024-02-11 13:48:33.068 [info] > git rev-parse --show-toplevel [11ms]
2024-02-11 13:48:33.069 [info] fatal: not a git repository (or any of the parent directories): .git
2024-02-11 13:48:33.077 [info] > git config --get commit.template [9ms]
2024-02-11 13:48:33.079 [info] > git rev-parse --show-toplevel [2ms]
2024-02-11 13:48:33.079 [info] fatal: not a git repository (or any of the parent directories): .git
2024-02-11 13:48:33.094 [info] > git for-each-ref --format=%(refname)%00%(upstream:short)%00%(objectname)%00%(upstream:track)%00%(upstream:remotename)%00%(upstream:remoteref) refs/heads/main refs/remotes/main [8ms]
2024-02-11 13:48:33.122 [info] > git status -z -uall [21ms]
2024-02-11 13:48:33.125 [info] > git rev-parse --show-toplevel [33ms]
2024-02-11 13:48:33.125 [info] fatal: not a git repository (or any of the parent directories): .git
2024-02-11 13:48:33.134 [info] > git rev-parse --show-toplevel [2ms]
2024-02-11 13:48:33.134 [info] fatal: not a git repository (or any of the parent directories): .git
2024-02-11 13:48:33.144 [info] > git rev-parse --show-toplevel [3ms]
2024-02-11 13:48:33.144 [info] fatal: not a git repository (or any of the parent directories): .git
2024-02-11 13:48:33.154 [info] > git rev-parse --show-toplevel [3ms]
2024-02-11 13:48:33.154 [info] fatal: not a git repository (or any of the parent directories): .git
2024-02-11 13:48:33.164 [info] > git rev-parse --show-toplevel [1ms]
2024-02-11 13:48:33.164 [info] fatal: not a git repository (or any of the parent directories): .git
2024-02-11 13:48:33.173 [info] > git rev-parse --show-toplevel [1ms]
2024-02-11 13:48:33.173 [info] fatal: not a git repository (or any of the parent directories): .git
2024-02-11 13:48:33.185 [info] > git rev-parse --show-toplevel [1ms]
2024-02-11 13:48:33.185 [info] fatal: not a git repository (or any of the parent directories): .git
2024-02-11 13:48:33.195 [info] > git rev-parse --show-toplevel [2ms]
2024-02-11 13:48:33.195 [info] fatal: not a git repository (or any of the parent directories): .git
2024-02-11 13:48:33.203 [info] > git rev-parse --show-toplevel [2ms]
2024-02-11 13:48:33.203 [info] fatal: not a git repository (or any of the parent directories): .git
2024-02-11 13:48:33.214 [info] > git rev-parse --show-toplevel [3ms]
2024-02-11 13:48:33.214 [info] fatal: not a git repository (or any of the parent directories): .git
